
**** Build of configuration Debug for project Program_Blinky ****

"C:\\TI_CodeComposer\\ccsv6\\utils\\bin\\gmake" -k all 
'Building file: ../Tasks/Trivial.c'
'Invoking: ARM Compiler'
"C:/TI_CodeComposer/ccsv6/tools/compiler/ti-cgt-arm_15.12.1.LTS/bin/armcl" -mv7M3 --code_state=16 -me --include_path="C:/TI_CodeComposer/ccsv6/tools/compiler/ti-cgt-arm_15.12.1.LTS/include" --include_path="C:/TI_CodeComposer/StellarisWare-LM3S1968" --include_path="H:/EECS_388/TI_ARM_Projects/Program_Blinky" -g --gcc --define="ccs" --define=PART_LM3S1968 --diag_wrap=off --diag_warning=225 --display_error_number --abi=eabi --printf_support=nofloat -k --asm_listing --preproc_with_compile --preproc_dependency="Tasks/Trivial.d" --obj_directory="Tasks"  "../Tasks/Trivial.c"

>> Compilation failure
Tasks/subdir_rules.mk:21: recipe for target 'Tasks/Trivial.obj' failed
"../Tasks/Trivial.c", line 11: fatal error #1965: cannot open source file "Drivers/UARTStdio_Initialization.h"
1 catastrophic error detected in the compilation of "../Tasks/Trivial.c".
Compilation terminated.
gmake: *** [Tasks/Trivial.obj] Error 1
gmake: Target 'all' not remade because of errors.

**** Build Finished ****
